<?xml version="1.0" encoding="UTF-8"?>
<!-- Generated by org.testng.reporters.JUnitReportReporter -->
<testsuite hostname="DESKTOP-DK76UF8" failures="0" tests="1" name="Scripts.TestCase1" time="26.188" errors="0" timestamp="2023-10-27T10:41:06 IST" skipped="0">
  <testcase classname="Scripts.TestCase1" name="tc1" time="26.188"/>
  <system-out/>
</testsuite> <!-- Scripts.TestCase1 -->
